0 info it worked if it ends with ok
1 verbose cli [ 'C:\\Program Files\\nodejs\\node.exe',
1 verbose cli   'C:\\Users\\bhagya.potnuru\\AppData\\Roaming\\npm\\node_modules\\npm\\bin\\npm-cli.js',
1 verbose cli   'start' ]
2 info using npm@3.10.9
3 info using node@v4.1.1
4 verbose run-script [ 'prestart', 'start', 'poststart' ]
5 info lifecycle ValueEducation@0.0.1~prestart: ValueEducation@0.0.1
6 silly lifecycle ValueEducation@0.0.1~prestart: no script for prestart, continuing
7 info lifecycle ValueEducation@0.0.1~start: ValueEducation@0.0.1
8 verbose lifecycle ValueEducation@0.0.1~start: unsafe-perm in lifecycle true
9 verbose lifecycle ValueEducation@0.0.1~start: PATH: C:\Users\bhagya.potnuru\AppData\Roaming\npm\node_modules\npm\bin\node-gyp-bin;E:\ValueEducation\node_modules\.bin;C:\Users\bhagya.potnuru\AppData\Roaming\npm;C:\Program Files\nodejs\;C:\WINDOWS\system32;C:\WINDOWS;C:\WINDOWS\System32\Wbem;C:\WINDOWS\System32\WindowsPowerShell\v1.0\;c:\Program Files (x86)\Skype\Phone\;C:\Program Files\nodejs\;C:\Program Files\TortoiseSVN\bin;C:\Program Files\Java\jdk1.7.0_40\bin;E:\SDK\platform-tools;E:\SDK\tools;E:\Python3.5.1\Scripts\;E:\Python3.5.1\;C:\windows\system32;C:\windows;C:\windows\System32\Wbem;C:\windows\System32\WindowsPowerShell\v1.0\;c:\Program Files (x86)\Skype\Phone\;C:\Program Files\nodejs\;%USERPROFILE%\AppData\Local\Microsoft\WindowsApps;
10 verbose lifecycle ValueEducation@0.0.1~start: CWD: E:\ValueEducation
11 silly lifecycle ValueEducation@0.0.1~start: Args: [ '/d /s /c',
11 silly lifecycle   'node node_modules/react-native/local-cli/cli.js start' ]
12 silly lifecycle ValueEducation@0.0.1~start: Returned: code: 3221225786  signal: null
13 info lifecycle ValueEducation@0.0.1~start: Failed to exec start script
14 verbose stack Error: ValueEducation@0.0.1 start: `node node_modules/react-native/local-cli/cli.js start`
14 verbose stack Exit status 3221225786
14 verbose stack     at EventEmitter.<anonymous> (C:\Users\bhagya.potnuru\AppData\Roaming\npm\node_modules\npm\lib\utils\lifecycle.js:255:16)
14 verbose stack     at emitTwo (events.js:87:13)
14 verbose stack     at EventEmitter.emit (events.js:172:7)
14 verbose stack     at ChildProcess.<anonymous> (C:\Users\bhagya.potnuru\AppData\Roaming\npm\node_modules\npm\lib\utils\spawn.js:40:14)
14 verbose stack     at emitTwo (events.js:87:13)
14 verbose stack     at ChildProcess.emit (events.js:172:7)
14 verbose stack     at maybeClose (internal/child_process.js:817:16)
14 verbose stack     at Process.ChildProcess._handle.onexit (internal/child_process.js:211:5)
15 verbose pkgid ValueEducation@0.0.1
16 verbose cwd E:\ValueEducation
17 error Windows_NT 10.0.14393
18 error argv "C:\\Program Files\\nodejs\\node.exe" "C:\\Users\\bhagya.potnuru\\AppData\\Roaming\\npm\\node_modules\\npm\\bin\\npm-cli.js" "start"
19 error node v4.1.1
20 error npm  v3.10.9
21 error code ELIFECYCLE
22 error ValueEducation@0.0.1 start: `node node_modules/react-native/local-cli/cli.js start`
22 error Exit status 3221225786
23 error Failed at the ValueEducation@0.0.1 start script 'node node_modules/react-native/local-cli/cli.js start'.
23 error Make sure you have the latest version of node.js and npm installed.
23 error If you do, this is most likely a problem with the ValueEducation package,
23 error not with npm itself.
23 error Tell the author that this fails on your system:
23 error     node node_modules/react-native/local-cli/cli.js start
23 error You can get information on how to open an issue for this project with:
23 error     npm bugs ValueEducation
23 error Or if that isn't available, you can get their info via:
23 error     npm owner ls ValueEducation
23 error There is likely additional logging output above.
24 verbose exit [ 1, true ]
